# Logfile created on Sun Apr 06 10:00:45 -0700 2008  [4;36;1mSQL (0.027973)[0m   [0;1mselect sqlite_version(*)[0m
  [4;35;1mSQL (0.029479)[0m   [0mCREATE TABLE schema_info (version integer)[0m
  [4;36;1mSQL (0.002521)[0m   [0;1mINSERT INTO schema_info (version) VALUES(0)[0m
  [4;35;1mSQL (0.000000)[0m   [0mSQLite3::SQLException: table schema_info already exists: CREATE TABLE schema_info (version integer)[0m
  [4;36;1mSQL (0.000352)[0m   [0;1mSELECT version FROM schema_info[0m
Migrating to CreateItems (1)
  [4;35;1mSQL (0.003225)[0m   [0mCREATE TABLE items ("id" INTEGER PRIMARY KEY AUTOINCREMENT NOT NULL, "title" varchar(255) DEFAULT NULL, "asin" varchar(255) DEFAULT NULL, "created_at" datetime DEFAULT NULL, "updated_at" datetime DEFAULT NULL) [0m
  [4;36;1mSQL (0.002167)[0m   [0;1mUPDATE schema_info SET version = 1[0m
  [4;35;1mSQL (0.000272)[0m   [0mSELECT * FROM schema_info[0m
  [4;36;1mSQL (0.000285)[0m   [0;1m SELECT name
 FROM sqlite_master
 WHERE type = 'table' AND NOT name = 'sqlite_sequence'
[0m
  [4;35;1mSQL (0.000104)[0m   [0mPRAGMA index_list(items)[0m
  [4;36;1mSQL (0.000408)[0m   [0;1mselect sqlite_version(*)[0m
  [4;35;1mSQL (0.000000)[0m   [0mSQLite3::SQLException: table schema_info already exists: CREATE TABLE schema_info (version integer)[0m
  [4;36;1mSQL (0.000299)[0m   [0;1mSELECT * FROM schema_info[0m
  [4;35;1mSQL (0.000316)[0m   [0m SELECT name
 FROM sqlite_master
 WHERE type = 'table' AND NOT name = 'sqlite_sequence'
[0m
  [4;36;1mSQL (0.000079)[0m   [0;1mPRAGMA index_list(items)[0m
  [4;35;1mSQL (0.000264)[0m   [0mselect sqlite_version(*)[0m
  [4;36;1mSQL (0.000000)[0m   [0;1mSQLite3::SQLException: no such table: items: DROP TABLE items[0m
  [4;35;1mSQL (0.060199)[0m   [0mCREATE TABLE items ("id" INTEGER PRIMARY KEY AUTOINCREMENT NOT NULL, "title" varchar(255) DEFAULT NULL, "asin" varchar(255) DEFAULT NULL, "created_at" datetime DEFAULT NULL, "updated_at" datetime DEFAULT NULL) [0m
  [4;36;1mSQL (0.002753)[0m   [0;1mCREATE TABLE schema_info (version integer)[0m
  [4;35;1mSQL (0.002346)[0m   [0mINSERT INTO schema_info (version) VALUES(0)[0m
  [4;36;1mSQL (0.002204)[0m   [0;1mUPDATE schema_info SET version = 1[0m
  [4;36;1mSQL (0.000389)[0m   [0;1mselect sqlite_version(*)[0m
  [4;35;1mSQL (0.000000)[0m   [0mSQLite3::SQLException: table schema_info already exists: CREATE TABLE schema_info (version integer)[0m
  [4;36;1mSQL (0.000271)[0m   [0;1mSELECT * FROM schema_info[0m
  [4;35;1mSQL (0.000306)[0m   [0m SELECT name
 FROM sqlite_master
 WHERE type = 'table' AND NOT name = 'sqlite_sequence'
[0m
  [4;36;1mSQL (0.000076)[0m   [0;1mPRAGMA index_list(items)[0m
  [4;35;1mSQL (0.000265)[0m   [0mselect sqlite_version(*)[0m
  [4;36;1mSQL (0.000000)[0m   [0;1mSQLite3::SQLException: no such table: items: DROP TABLE items[0m
  [4;35;1mSQL (0.012171)[0m   [0mCREATE TABLE items ("id" INTEGER PRIMARY KEY AUTOINCREMENT NOT NULL, "title" varchar(255) DEFAULT NULL, "asin" varchar(255) DEFAULT NULL, "created_at" datetime DEFAULT NULL, "updated_at" datetime DEFAULT NULL) [0m
  [4;36;1mSQL (0.003229)[0m   [0;1mCREATE TABLE schema_info (version integer)[0m
  [4;35;1mSQL (0.002216)[0m   [0mINSERT INTO schema_info (version) VALUES(0)[0m
  [4;36;1mSQL (0.002335)[0m   [0;1mUPDATE schema_info SET version = 1[0m
  [4;36;1mSQL (0.000387)[0m   [0;1mselect sqlite_version(*)[0m
  [4;35;1mSQL (0.000000)[0m   [0mSQLite3::SQLException: table schema_info already exists: CREATE TABLE schema_info (version integer)[0m
  [4;36;1mSQL (0.000287)[0m   [0;1mSELECT * FROM schema_info[0m
  [4;35;1mSQL (0.000307)[0m   [0m SELECT name
 FROM sqlite_master
 WHERE type = 'table' AND NOT name = 'sqlite_sequence'
[0m
  [4;36;1mSQL (0.000077)[0m   [0;1mPRAGMA index_list(items)[0m
  [4;35;1mSQL (0.000268)[0m   [0mselect sqlite_version(*)[0m
  [4;36;1mSQL (0.000000)[0m   [0;1mSQLite3::SQLException: no such table: items: DROP TABLE items[0m
  [4;35;1mSQL (0.679931)[0m   [0mCREATE TABLE items ("id" INTEGER PRIMARY KEY AUTOINCREMENT NOT NULL, "title" varchar(255) DEFAULT NULL, "asin" varchar(255) DEFAULT NULL, "created_at" datetime DEFAULT NULL, "updated_at" datetime DEFAULT NULL) [0m
  [4;36;1mSQL (0.343165)[0m   [0;1mCREATE TABLE schema_info (version integer)[0m
  [4;35;1mSQL (0.400531)[0m   [0mINSERT INTO schema_info (version) VALUES(0)[0m
  [4;36;1mSQL (0.236501)[0m   [0;1mUPDATE schema_info SET version = 1[0m
  [4;36;1mSQL (0.000397)[0m   [0;1mselect sqlite_version(*)[0m
  [4;35;1mSQL (0.000000)[0m   [0mSQLite3::SQLException: table schema_info already exists: CREATE TABLE schema_info (version integer)[0m
  [4;36;1mSQL (0.000309)[0m   [0;1mSELECT * FROM schema_info[0m
  [4;35;1mSQL (0.000318)[0m   [0m SELECT name
 FROM sqlite_master
 WHERE type = 'table' AND NOT name = 'sqlite_sequence'
[0m
  [4;36;1mSQL (0.000079)[0m   [0;1mPRAGMA index_list(items)[0m
  [4;35;1mSQL (0.000274)[0m   [0mselect sqlite_version(*)[0m
  [4;36;1mSQL (0.000000)[0m   [0;1mSQLite3::SQLException: no such table: items: DROP TABLE items[0m
  [4;35;1mSQL (0.262580)[0m   [0mCREATE TABLE items ("id" INTEGER PRIMARY KEY AUTOINCREMENT NOT NULL, "title" varchar(255) DEFAULT NULL, "asin" varchar(255) DEFAULT NULL, "created_at" datetime DEFAULT NULL, "updated_at" datetime DEFAULT NULL) [0m
  [4;36;1mSQL (0.002900)[0m   [0;1mCREATE TABLE schema_info (version integer)[0m
  [4;35;1mSQL (0.002223)[0m   [0mINSERT INTO schema_info (version) VALUES(0)[0m
  [4;36;1mSQL (0.002325)[0m   [0;1mUPDATE schema_info SET version = 1[0m
  [4;36;1mSQL (0.000395)[0m   [0;1mselect sqlite_version(*)[0m
  [4;35;1mSQL (0.000000)[0m   [0mSQLite3::SQLException: table schema_info already exists: CREATE TABLE schema_info (version integer)[0m
  [4;36;1mSQL (0.000281)[0m   [0;1mSELECT * FROM schema_info[0m
  [4;35;1mSQL (0.000345)[0m   [0m SELECT name
 FROM sqlite_master
 WHERE type = 'table' AND NOT name = 'sqlite_sequence'
[0m
  [4;36;1mSQL (0.000079)[0m   [0;1mPRAGMA index_list(items)[0m
  [4;35;1mSQL (0.000292)[0m   [0mselect sqlite_version(*)[0m
  [4;36;1mSQL (0.000000)[0m   [0;1mSQLite3::SQLException: no such table: items: DROP TABLE items[0m
  [4;35;1mSQL (0.096546)[0m   [0mCREATE TABLE items ("id" INTEGER PRIMARY KEY AUTOINCREMENT NOT NULL, "title" varchar(255) DEFAULT NULL, "asin" varchar(255) DEFAULT NULL, "created_at" datetime DEFAULT NULL, "updated_at" datetime DEFAULT NULL) [0m
  [4;36;1mSQL (0.002804)[0m   [0;1mCREATE TABLE schema_info (version integer)[0m
  [4;35;1mSQL (0.002440)[0m   [0mINSERT INTO schema_info (version) VALUES(0)[0m
  [4;36;1mSQL (0.002345)[0m   [0;1mUPDATE schema_info SET version = 1[0m
  [4;36;1mSQL (0.000388)[0m   [0;1mselect sqlite_version(*)[0m
  [4;35;1mSQL (0.000000)[0m   [0mSQLite3::SQLException: table schema_info already exists: CREATE TABLE schema_info (version integer)[0m
  [4;36;1mSQL (0.000270)[0m   [0;1mSELECT * FROM schema_info[0m
  [4;35;1mSQL (0.000301)[0m   [0m SELECT name
 FROM sqlite_master
 WHERE type = 'table' AND NOT name = 'sqlite_sequence'
[0m
  [4;36;1mSQL (0.000109)[0m   [0;1mPRAGMA index_list(items)[0m
  [4;35;1mSQL (0.000266)[0m   [0mselect sqlite_version(*)[0m
  [4;36;1mSQL (0.000000)[0m   [0;1mSQLite3::SQLException: no such table: items: DROP TABLE items[0m
  [4;35;1mSQL (0.076902)[0m   [0mCREATE TABLE items ("id" INTEGER PRIMARY KEY AUTOINCREMENT NOT NULL, "title" varchar(255) DEFAULT NULL, "asin" varchar(255) DEFAULT NULL, "created_at" datetime DEFAULT NULL, "updated_at" datetime DEFAULT NULL) [0m
  [4;36;1mSQL (0.005161)[0m   [0;1mCREATE TABLE schema_info (version integer)[0m
  [4;35;1mSQL (0.014577)[0m   [0mINSERT INTO schema_info (version) VALUES(0)[0m
  [4;36;1mSQL (0.002951)[0m   [0;1mUPDATE schema_info SET version = 1[0m
  [4;36;1mSQL (0.000392)[0m   [0;1mselect sqlite_version(*)[0m
  [4;35;1mSQL (0.000000)[0m   [0mSQLite3::SQLException: table schema_info already exists: CREATE TABLE schema_info (version integer)[0m
  [4;36;1mSQL (0.000275)[0m   [0;1mSELECT * FROM schema_info[0m
  [4;35;1mSQL (0.000305)[0m   [0m SELECT name
 FROM sqlite_master
 WHERE type = 'table' AND NOT name = 'sqlite_sequence'
[0m
  [4;36;1mSQL (0.000079)[0m   [0;1mPRAGMA index_list(items)[0m
  [4;35;1mSQL (0.000264)[0m   [0mselect sqlite_version(*)[0m
  [4;36;1mSQL (0.000000)[0m   [0;1mSQLite3::SQLException: no such table: items: DROP TABLE items[0m
  [4;35;1mSQL (0.070915)[0m   [0mCREATE TABLE items ("id" INTEGER PRIMARY KEY AUTOINCREMENT NOT NULL, "title" varchar(255) DEFAULT NULL, "asin" varchar(255) DEFAULT NULL, "created_at" datetime DEFAULT NULL, "updated_at" datetime DEFAULT NULL) [0m
  [4;36;1mSQL (0.002786)[0m   [0;1mCREATE TABLE schema_info (version integer)[0m
  [4;35;1mSQL (0.002272)[0m   [0mINSERT INTO schema_info (version) VALUES(0)[0m
  [4;36;1mSQL (0.002278)[0m   [0;1mUPDATE schema_info SET version = 1[0m
  [4;36;1mSQL (0.000388)[0m   [0;1mselect sqlite_version(*)[0m
  [4;35;1mSQL (0.000000)[0m   [0mSQLite3::SQLException: table schema_info already exists: CREATE TABLE schema_info (version integer)[0m
  [4;36;1mSQL (0.000265)[0m   [0;1mSELECT * FROM schema_info[0m
  [4;35;1mSQL (0.000697)[0m   [0m SELECT name
 FROM sqlite_master
 WHERE type = 'table' AND NOT name = 'sqlite_sequence'
[0m
  [4;36;1mSQL (0.000077)[0m   [0;1mPRAGMA index_list(items)[0m
  [4;35;1mSQL (0.000246)[0m   [0mselect sqlite_version(*)[0m
  [4;36;1mSQL (0.000000)[0m   [0;1mSQLite3::SQLException: no such table: items: DROP TABLE items[0m
  [4;35;1mSQL (0.099517)[0m   [0mCREATE TABLE items ("id" INTEGER PRIMARY KEY AUTOINCREMENT NOT NULL, "title" varchar(255) DEFAULT NULL, "asin" varchar(255) DEFAULT NULL, "created_at" datetime DEFAULT NULL, "updated_at" datetime DEFAULT NULL) [0m
  [4;36;1mSQL (0.002845)[0m   [0;1mCREATE TABLE schema_info (version integer)[0m
  [4;35;1mSQL (0.002242)[0m   [0mINSERT INTO schema_info (version) VALUES(0)[0m
  [4;36;1mSQL (0.002337)[0m   [0;1mUPDATE schema_info SET version = 1[0m
  [4;36;1mSQL (0.000396)[0m   [0;1mselect sqlite_version(*)[0m
  [4;35;1mSQL (0.000000)[0m   [0mSQLite3::SQLException: table schema_info already exists: CREATE TABLE schema_info (version integer)[0m
  [4;36;1mSQL (0.000685)[0m   [0;1mSELECT * FROM schema_info[0m
  [4;35;1mSQL (0.000314)[0m   [0m SELECT name
 FROM sqlite_master
 WHERE type = 'table' AND NOT name = 'sqlite_sequence'
[0m
  [4;36;1mSQL (0.000105)[0m   [0;1mPRAGMA index_list(items)[0m
  [4;35;1mSQL (0.000256)[0m   [0mselect sqlite_version(*)[0m
  [4;36;1mSQL (0.000000)[0m   [0;1mSQLite3::SQLException: no such table: items: DROP TABLE items[0m
  [4;35;1mSQL (0.073802)[0m   [0mCREATE TABLE items ("id" INTEGER PRIMARY KEY AUTOINCREMENT NOT NULL, "title" varchar(255) DEFAULT NULL, "asin" varchar(255) DEFAULT NULL, "created_at" datetime DEFAULT NULL, "updated_at" datetime DEFAULT NULL) [0m
  [4;36;1mSQL (0.002904)[0m   [0;1mCREATE TABLE schema_info (version integer)[0m
  [4;35;1mSQL (0.002403)[0m   [0mINSERT INTO schema_info (version) VALUES(0)[0m
  [4;36;1mSQL (0.002242)[0m   [0;1mUPDATE schema_info SET version = 1[0m
  [4;36;1mSQL (0.000392)[0m   [0;1mselect sqlite_version(*)[0m
  [4;35;1mSQL (0.000000)[0m   [0mSQLite3::SQLException: table schema_info already exists: CREATE TABLE schema_info (version integer)[0m
  [4;36;1mSQL (0.000266)[0m   [0;1mSELECT * FROM schema_info[0m
  [4;35;1mSQL (0.000301)[0m   [0m SELECT name
 FROM sqlite_master
 WHERE type = 'table' AND NOT name = 'sqlite_sequence'
[0m
  [4;36;1mSQL (0.000078)[0m   [0;1mPRAGMA index_list(items)[0m
  [4;35;1mSQL (0.000255)[0m   [0mselect sqlite_version(*)[0m
  [4;36;1mSQL (0.000000)[0m   [0;1mSQLite3::SQLException: no such table: items: DROP TABLE items[0m
  [4;35;1mSQL (0.099811)[0m   [0mCREATE TABLE items ("id" INTEGER PRIMARY KEY AUTOINCREMENT NOT NULL, "title" varchar(255) DEFAULT NULL, "asin" varchar(255) DEFAULT NULL, "created_at" datetime DEFAULT NULL, "updated_at" datetime DEFAULT NULL) [0m
  [4;36;1mSQL (0.003189)[0m   [0;1mCREATE TABLE schema_info (version integer)[0m
  [4;35;1mSQL (0.002312)[0m   [0mINSERT INTO schema_info (version) VALUES(0)[0m
  [4;36;1mSQL (0.002262)[0m   [0;1mUPDATE schema_info SET version = 1[0m
  [4;36;1mSQL (0.000395)[0m   [0;1mselect sqlite_version(*)[0m
  [4;35;1mSQL (0.000000)[0m   [0mSQLite3::SQLException: table schema_info already exists: CREATE TABLE schema_info (version integer)[0m
  [4;36;1mSQL (0.000309)[0m   [0;1mSELECT * FROM schema_info[0m
  [4;35;1mSQL (0.000306)[0m   [0m SELECT name
 FROM sqlite_master
 WHERE type = 'table' AND NOT name = 'sqlite_sequence'
[0m
  [4;36;1mSQL (0.000077)[0m   [0;1mPRAGMA index_list(items)[0m
  [4;35;1mSQL (0.000274)[0m   [0mselect sqlite_version(*)[0m
  [4;36;1mSQL (0.000000)[0m   [0;1mSQLite3::SQLException: no such table: items: DROP TABLE items[0m
  [4;35;1mSQL (0.013815)[0m   [0mCREATE TABLE items ("id" INTEGER PRIMARY KEY AUTOINCREMENT NOT NULL, "title" varchar(255) DEFAULT NULL, "asin" varchar(255) DEFAULT NULL, "created_at" datetime DEFAULT NULL, "updated_at" datetime DEFAULT NULL) [0m
  [4;36;1mSQL (0.002893)[0m   [0;1mCREATE TABLE schema_info (version integer)[0m
  [4;35;1mSQL (0.002357)[0m   [0mINSERT INTO schema_info (version) VALUES(0)[0m
  [4;36;1mSQL (0.002240)[0m   [0;1mUPDATE schema_info SET version = 1[0m
  [4;36;1mSQL (0.000393)[0m   [0;1mselect sqlite_version(*)[0m
  [4;35;1mSQL (0.000000)[0m   [0mSQLite3::SQLException: table schema_info already exists: CREATE TABLE schema_info (version integer)[0m
  [4;36;1mSQL (0.000274)[0m   [0;1mSELECT * FROM schema_info[0m
  [4;35;1mSQL (0.000310)[0m   [0m SELECT name
 FROM sqlite_master
 WHERE type = 'table' AND NOT name = 'sqlite_sequence'
[0m
  [4;36;1mSQL (0.000078)[0m   [0;1mPRAGMA index_list(items)[0m
  [4;35;1mSQL (0.000265)[0m   [0mselect sqlite_version(*)[0m
  [4;36;1mSQL (0.000000)[0m   [0;1mSQLite3::SQLException: no such table: items: DROP TABLE items[0m
  [4;35;1mSQL (0.093532)[0m   [0mCREATE TABLE items ("id" INTEGER PRIMARY KEY AUTOINCREMENT NOT NULL, "title" varchar(255) DEFAULT NULL, "asin" varchar(255) DEFAULT NULL, "created_at" datetime DEFAULT NULL, "updated_at" datetime DEFAULT NULL) [0m
  [4;36;1mSQL (0.003050)[0m   [0;1mCREATE TABLE schema_info (version integer)[0m
  [4;35;1mSQL (0.002167)[0m   [0mINSERT INTO schema_info (version) VALUES(0)[0m
  [4;36;1mSQL (0.002286)[0m   [0;1mUPDATE schema_info SET version = 1[0m
  [4;36;1mSQL (0.000392)[0m   [0;1mselect sqlite_version(*)[0m
  [4;35;1mSQL (0.000000)[0m   [0mSQLite3::SQLException: table schema_info already exists: CREATE TABLE schema_info (version integer)[0m
  [4;36;1mSQL (0.000301)[0m   [0;1mSELECT * FROM schema_info[0m
  [4;35;1mSQL (0.000347)[0m   [0m SELECT name
 FROM sqlite_master
 WHERE type = 'table' AND NOT name = 'sqlite_sequence'
[0m
  [4;36;1mSQL (0.000078)[0m   [0;1mPRAGMA index_list(items)[0m
  [4;35;1mSQL (0.000266)[0m   [0mselect sqlite_version(*)[0m
  [4;36;1mSQL (0.000000)[0m   [0;1mSQLite3::SQLException: no such table: items: DROP TABLE items[0m
  [4;35;1mSQL (0.183233)[0m   [0mCREATE TABLE items ("id" INTEGER PRIMARY KEY AUTOINCREMENT NOT NULL, "title" varchar(255) DEFAULT NULL, "asin" varchar(255) DEFAULT NULL, "created_at" datetime DEFAULT NULL, "updated_at" datetime DEFAULT NULL) [0m
  [4;36;1mSQL (0.004735)[0m   [0;1mCREATE TABLE schema_info (version integer)[0m
  [4;35;1mSQL (0.003706)[0m   [0mINSERT INTO schema_info (version) VALUES(0)[0m
  [4;36;1mSQL (0.010553)[0m   [0;1mUPDATE schema_info SET version = 1[0m
  [4;36;1mSQL (0.000389)[0m   [0;1mselect sqlite_version(*)[0m
  [4;35;1mSQL (0.000000)[0m   [0mSQLite3::SQLException: table schema_info already exists: CREATE TABLE schema_info (version integer)[0m
  [4;36;1mSQL (0.000266)[0m   [0;1mSELECT * FROM schema_info[0m
  [4;35;1mSQL (0.000303)[0m   [0m SELECT name
 FROM sqlite_master
 WHERE type = 'table' AND NOT name = 'sqlite_sequence'
[0m
  [4;36;1mSQL (0.000076)[0m   [0;1mPRAGMA index_list(items)[0m
  [4;35;1mSQL (0.000268)[0m   [0mselect sqlite_version(*)[0m
  [4;36;1mSQL (0.000000)[0m   [0;1mSQLite3::SQLException: no such table: items: DROP TABLE items[0m
  [4;35;1mSQL (0.086495)[0m   [0mCREATE TABLE items ("id" INTEGER PRIMARY KEY AUTOINCREMENT NOT NULL, "title" varchar(255) DEFAULT NULL, "asin" varchar(255) DEFAULT NULL, "created_at" datetime DEFAULT NULL, "updated_at" datetime DEFAULT NULL) [0m
  [4;36;1mSQL (0.002800)[0m   [0;1mCREATE TABLE schema_info (version integer)[0m
  [4;35;1mSQL (0.002219)[0m   [0mINSERT INTO schema_info (version) VALUES(0)[0m
  [4;36;1mSQL (0.002252)[0m   [0;1mUPDATE schema_info SET version = 1[0m
  [4;36;1mSQL (0.000388)[0m   [0;1mselect sqlite_version(*)[0m
  [4;35;1mSQL (0.000000)[0m   [0mSQLite3::SQLException: table schema_info already exists: CREATE TABLE schema_info (version integer)[0m
  [4;36;1mSQL (0.000275)[0m   [0;1mSELECT * FROM schema_info[0m
  [4;35;1mSQL (0.000306)[0m   [0m SELECT name
 FROM sqlite_master
 WHERE type = 'table' AND NOT name = 'sqlite_sequence'
[0m
  [4;36;1mSQL (0.000079)[0m   [0;1mPRAGMA index_list(items)[0m
  [4;35;1mSQL (0.000254)[0m   [0mselect sqlite_version(*)[0m
  [4;36;1mSQL (0.000000)[0m   [0;1mSQLite3::SQLException: no such table: items: DROP TABLE items[0m
  [4;35;1mSQL (0.071807)[0m   [0mCREATE TABLE items ("id" INTEGER PRIMARY KEY AUTOINCREMENT NOT NULL, "title" varchar(255) DEFAULT NULL, "asin" varchar(255) DEFAULT NULL, "created_at" datetime DEFAULT NULL, "updated_at" datetime DEFAULT NULL) [0m
  [4;36;1mSQL (0.002953)[0m   [0;1mCREATE TABLE schema_info (version integer)[0m
  [4;35;1mSQL (0.002477)[0m   [0mINSERT INTO schema_info (version) VALUES(0)[0m
  [4;36;1mSQL (0.002292)[0m   [0;1mUPDATE schema_info SET version = 1[0m
  [4;36;1mSQL (0.000384)[0m   [0;1mselect sqlite_version(*)[0m
  [4;35;1mSQL (0.000000)[0m   [0mSQLite3::SQLException: table schema_info already exists: CREATE TABLE schema_info (version integer)[0m
  [4;36;1mSQL (0.000269)[0m   [0;1mSELECT * FROM schema_info[0m
  [4;35;1mSQL (0.000305)[0m   [0m SELECT name
 FROM sqlite_master
 WHERE type = 'table' AND NOT name = 'sqlite_sequence'
[0m
  [4;36;1mSQL (0.000079)[0m   [0;1mPRAGMA index_list(items)[0m
  [4;35;1mSQL (0.000237)[0m   [0mselect sqlite_version(*)[0m
  [4;36;1mSQL (0.000000)[0m   [0;1mSQLite3::SQLException: no such table: items: DROP TABLE items[0m
  [4;35;1mSQL (0.108375)[0m   [0mCREATE TABLE items ("id" INTEGER PRIMARY KEY AUTOINCREMENT NOT NULL, "title" varchar(255) DEFAULT NULL, "asin" varchar(255) DEFAULT NULL, "created_at" datetime DEFAULT NULL, "updated_at" datetime DEFAULT NULL) [0m
  [4;36;1mSQL (0.002849)[0m   [0;1mCREATE TABLE schema_info (version integer)[0m
  [4;35;1mSQL (0.003303)[0m   [0mINSERT INTO schema_info (version) VALUES(0)[0m
  [4;36;1mSQL (0.002376)[0m   [0;1mUPDATE schema_info SET version = 1[0m
  [4;36;1mSQL (0.000386)[0m   [0;1mselect sqlite_version(*)[0m
  [4;35;1mSQL (0.000000)[0m   [0mSQLite3::SQLException: table schema_info already exists: CREATE TABLE schema_info (version integer)[0m
  [4;36;1mSQL (0.000272)[0m   [0;1mSELECT * FROM schema_info[0m
  [4;35;1mSQL (0.000341)[0m   [0m SELECT name
 FROM sqlite_master
 WHERE type = 'table' AND NOT name = 'sqlite_sequence'
[0m
  [4;36;1mSQL (0.000078)[0m   [0;1mPRAGMA index_list(items)[0m
  [4;35;1mSQL (0.000239)[0m   [0mselect sqlite_version(*)[0m
  [4;36;1mSQL (0.000000)[0m   [0;1mSQLite3::SQLException: no such table: items: DROP TABLE items[0m
  [4;35;1mSQL (0.094168)[0m   [0mCREATE TABLE items ("id" INTEGER PRIMARY KEY AUTOINCREMENT NOT NULL, "title" varchar(255) DEFAULT NULL, "asin" varchar(255) DEFAULT NULL, "created_at" datetime DEFAULT NULL, "updated_at" datetime DEFAULT NULL) [0m
  [4;36;1mSQL (0.002888)[0m   [0;1mCREATE TABLE schema_info (version integer)[0m
  [4;35;1mSQL (0.002129)[0m   [0mINSERT INTO schema_info (version) VALUES(0)[0m
  [4;36;1mSQL (0.002248)[0m   [0;1mUPDATE schema_info SET version = 1[0m
  [4;36;1mSQL (0.000388)[0m   [0;1mselect sqlite_version(*)[0m
  [4;35;1mSQL (0.000000)[0m   [0mSQLite3::SQLException: table schema_info already exists: CREATE TABLE schema_info (version integer)[0m
  [4;36;1mSQL (0.000275)[0m   [0;1mSELECT * FROM schema_info[0m
  [4;35;1mSQL (0.000339)[0m   [0m SELECT name
 FROM sqlite_master
 WHERE type = 'table' AND NOT name = 'sqlite_sequence'
[0m
  [4;36;1mSQL (0.000077)[0m   [0;1mPRAGMA index_list(items)[0m
  [4;35;1mSQL (0.000245)[0m   [0mselect sqlite_version(*)[0m
  [4;36;1mSQL (0.000000)[0m   [0;1mSQLite3::SQLException: no such table: items: DROP TABLE items[0m
  [4;35;1mSQL (0.271038)[0m   [0mCREATE TABLE items ("id" INTEGER PRIMARY KEY AUTOINCREMENT NOT NULL, "title" varchar(255) DEFAULT NULL, "asin" varchar(255) DEFAULT NULL, "created_at" datetime DEFAULT NULL, "updated_at" datetime DEFAULT NULL) [0m
  [4;36;1mSQL (0.002728)[0m   [0;1mCREATE TABLE schema_info (version integer)[0m
  [4;35;1mSQL (0.002268)[0m   [0mINSERT INTO schema_info (version) VALUES(0)[0m
  [4;36;1mSQL (0.002226)[0m   [0;1mUPDATE schema_info SET version = 1[0m
  [4;36;1mSQL (0.000461)[0m   [0;1mselect sqlite_version(*)[0m
  [4;35;1mSQL (0.000000)[0m   [0mSQLite3::SQLException: table schema_info already exists: CREATE TABLE schema_info (version integer)[0m
  [4;36;1mSQL (0.000265)[0m   [0;1mSELECT * FROM schema_info[0m
  [4;35;1mSQL (0.000306)[0m   [0m SELECT name
 FROM sqlite_master
 WHERE type = 'table' AND NOT name = 'sqlite_sequence'
[0m
  [4;36;1mSQL (0.000078)[0m   [0;1mPRAGMA index_list(items)[0m
  [4;35;1mSQL (0.000258)[0m   [0mselect sqlite_version(*)[0m
  [4;36;1mSQL (0.000000)[0m   [0;1mSQLite3::SQLException: no such table: items: DROP TABLE items[0m
  [4;35;1mSQL (0.209834)[0m   [0mCREATE TABLE items ("id" INTEGER PRIMARY KEY AUTOINCREMENT NOT NULL, "title" varchar(255) DEFAULT NULL, "asin" varchar(255) DEFAULT NULL, "created_at" datetime DEFAULT NULL, "updated_at" datetime DEFAULT NULL) [0m
  [4;36;1mSQL (0.002930)[0m   [0;1mCREATE TABLE schema_info (version integer)[0m
  [4;35;1mSQL (0.002489)[0m   [0mINSERT INTO schema_info (version) VALUES(0)[0m
  [4;36;1mSQL (0.002950)[0m   [0;1mUPDATE schema_info SET version = 1[0m
  [4;36;1mSQL (0.000410)[0m   [0;1mselect sqlite_version(*)[0m
  [4;35;1mSQL (0.000000)[0m   [0mSQLite3::SQLException: table schema_info already exists: CREATE TABLE schema_info (version integer)[0m
  [4;36;1mSQL (0.000296)[0m   [0;1mSELECT * FROM schema_info[0m
  [4;35;1mSQL (0.000329)[0m   [0m SELECT name
 FROM sqlite_master
 WHERE type = 'table' AND NOT name = 'sqlite_sequence'
[0m
  [4;36;1mSQL (0.000079)[0m   [0;1mPRAGMA index_list(items)[0m
  [4;35;1mSQL (0.000263)[0m   [0mselect sqlite_version(*)[0m
  [4;36;1mSQL (0.000000)[0m   [0;1mSQLite3::SQLException: no such table: items: DROP TABLE items[0m
  [4;35;1mSQL (0.132605)[0m   [0mCREATE TABLE items ("id" INTEGER PRIMARY KEY AUTOINCREMENT NOT NULL, "title" varchar(255) DEFAULT NULL, "asin" varchar(255) DEFAULT NULL, "created_at" datetime DEFAULT NULL, "updated_at" datetime DEFAULT NULL) [0m
  [4;36;1mSQL (0.002741)[0m   [0;1mCREATE TABLE schema_info (version integer)[0m
  [4;35;1mSQL (0.002180)[0m   [0mINSERT INTO schema_info (version) VALUES(0)[0m
  [4;36;1mSQL (0.002588)[0m   [0;1mUPDATE schema_info SET version = 1[0m
  [4;36;1mSQL (0.000391)[0m   [0;1mselect sqlite_version(*)[0m
  [4;35;1mSQL (0.000000)[0m   [0mSQLite3::SQLException: table schema_info already exists: CREATE TABLE schema_info (version integer)[0m
  [4;36;1mSQL (0.000327)[0m   [0;1mSELECT * FROM schema_info[0m
  [4;35;1mSQL (0.000306)[0m   [0m SELECT name
 FROM sqlite_master
 WHERE type = 'table' AND NOT name = 'sqlite_sequence'
[0m
  [4;36;1mSQL (0.000102)[0m   [0;1mPRAGMA index_list(items)[0m
  [4;35;1mSQL (0.000251)[0m   [0mselect sqlite_version(*)[0m
  [4;36;1mSQL (0.000000)[0m   [0;1mSQLite3::SQLException: no such table: items: DROP TABLE items[0m
  [4;35;1mSQL (0.206392)[0m   [0mCREATE TABLE items ("id" INTEGER PRIMARY KEY AUTOINCREMENT NOT NULL, "title" varchar(255) DEFAULT NULL, "asin" varchar(255) DEFAULT NULL, "created_at" datetime DEFAULT NULL, "updated_at" datetime DEFAULT NULL) [0m
  [4;36;1mSQL (0.005099)[0m   [0;1mCREATE TABLE schema_info (version integer)[0m
  [4;35;1mSQL (0.004241)[0m   [0mINSERT INTO schema_info (version) VALUES(0)[0m
  [4;36;1mSQL (0.010264)[0m   [0;1mUPDATE schema_info SET version = 1[0m
  [4;36;1mSQL (0.000423)[0m   [0;1mselect sqlite_version(*)[0m
  [4;35;1mSQL (0.000000)[0m   [0mSQLite3::SQLException: table schema_info already exists: CREATE TABLE schema_info (version integer)[0m
  [4;36;1mSQL (0.000262)[0m   [0;1mSELECT * FROM schema_info[0m
  [4;35;1mSQL (0.000303)[0m   [0m SELECT name
 FROM sqlite_master
 WHERE type = 'table' AND NOT name = 'sqlite_sequence'
[0m
  [4;36;1mSQL (0.000077)[0m   [0;1mPRAGMA index_list(items)[0m
  [4;35;1mSQL (0.000253)[0m   [0mselect sqlite_version(*)[0m
  [4;36;1mSQL (0.000000)[0m   [0;1mSQLite3::SQLException: no such table: items: DROP TABLE items[0m
  [4;35;1mSQL (0.223354)[0m   [0mCREATE TABLE items ("id" INTEGER PRIMARY KEY AUTOINCREMENT NOT NULL, "title" varchar(255) DEFAULT NULL, "asin" varchar(255) DEFAULT NULL, "created_at" datetime DEFAULT NULL, "updated_at" datetime DEFAULT NULL) [0m
  [4;36;1mSQL (0.004846)[0m   [0;1mCREATE TABLE schema_info (version integer)[0m
  [4;35;1mSQL (0.004252)[0m   [0mINSERT INTO schema_info (version) VALUES(0)[0m
  [4;36;1mSQL (0.010504)[0m   [0;1mUPDATE schema_info SET version = 1[0m
  [4;36;1mSQL (0.000392)[0m   [0;1mselect sqlite_version(*)[0m
  [4;35;1mSQL (0.000000)[0m   [0mSQLite3::SQLException: table schema_info already exists: CREATE TABLE schema_info (version integer)[0m
  [4;36;1mSQL (0.000268)[0m   [0;1mSELECT * FROM schema_info[0m
  [4;35;1mSQL (0.000630)[0m   [0m SELECT name
 FROM sqlite_master
 WHERE type = 'table' AND NOT name = 'sqlite_sequence'
[0m
  [4;36;1mSQL (0.000077)[0m   [0;1mPRAGMA index_list(items)[0m
  [4;35;1mSQL (0.000251)[0m   [0mselect sqlite_version(*)[0m
  [4;36;1mSQL (0.000000)[0m   [0;1mSQLite3::SQLException: no such table: items: DROP TABLE items[0m
  [4;35;1mSQL (0.071337)[0m   [0mCREATE TABLE items ("id" INTEGER PRIMARY KEY AUTOINCREMENT NOT NULL, "title" varchar(255) DEFAULT NULL, "asin" varchar(255) DEFAULT NULL, "created_at" datetime DEFAULT NULL, "updated_at" datetime DEFAULT NULL) [0m
  [4;36;1mSQL (0.002927)[0m   [0;1mCREATE TABLE schema_info (version integer)[0m
  [4;35;1mSQL (0.001938)[0m   [0mINSERT INTO schema_info (version) VALUES(0)[0m
  [4;36;1mSQL (0.002541)[0m   [0;1mUPDATE schema_info SET version = 1[0m
  [4;36;1mSQL (0.000382)[0m   [0;1mselect sqlite_version(*)[0m
  [4;35;1mSQL (0.000000)[0m   [0mSQLite3::SQLException: table schema_info already exists: CREATE TABLE schema_info (version integer)[0m
  [4;36;1mSQL (0.000259)[0m   [0;1mSELECT * FROM schema_info[0m
  [4;35;1mSQL (0.000302)[0m   [0m SELECT name
 FROM sqlite_master
 WHERE type = 'table' AND NOT name = 'sqlite_sequence'
[0m
  [4;36;1mSQL (0.000076)[0m   [0;1mPRAGMA index_list(items)[0m
  [4;35;1mSQL (0.000268)[0m   [0mselect sqlite_version(*)[0m
  [4;36;1mSQL (0.000000)[0m   [0;1mSQLite3::SQLException: no such table: items: DROP TABLE items[0m
  [4;35;1mSQL (0.096647)[0m   [0mCREATE TABLE items ("id" INTEGER PRIMARY KEY AUTOINCREMENT NOT NULL, "title" varchar(255) DEFAULT NULL, "asin" varchar(255) DEFAULT NULL, "created_at" datetime DEFAULT NULL, "updated_at" datetime DEFAULT NULL) [0m
  [4;36;1mSQL (0.002887)[0m   [0;1mCREATE TABLE schema_info (version integer)[0m
  [4;35;1mSQL (0.002216)[0m   [0mINSERT INTO schema_info (version) VALUES(0)[0m
  [4;36;1mSQL (0.002197)[0m   [0;1mUPDATE schema_info SET version = 1[0m
  [4;36;1mSQL (0.000458)[0m   [0;1mselect sqlite_version(*)[0m
  [4;35;1mSQL (0.000000)[0m   [0mSQLite3::SQLException: table schema_info already exists: CREATE TABLE schema_info (version integer)[0m
  [4;36;1mSQL (0.000371)[0m   [0;1mSELECT * FROM schema_info[0m
  [4;35;1mSQL (0.000323)[0m   [0m SELECT name
 FROM sqlite_master
 WHERE type = 'table' AND NOT name = 'sqlite_sequence'
[0m
  [4;36;1mSQL (0.000077)[0m   [0;1mPRAGMA index_list(items)[0m
  [4;35;1mSQL (0.000266)[0m   [0mselect sqlite_version(*)[0m
  [4;36;1mSQL (0.000000)[0m   [0;1mSQLite3::SQLException: no such table: items: DROP TABLE items[0m
  [4;35;1mSQL (0.060760)[0m   [0mCREATE TABLE items ("id" INTEGER PRIMARY KEY AUTOINCREMENT NOT NULL, "title" varchar(255) DEFAULT NULL, "asin" varchar(255) DEFAULT NULL, "created_at" datetime DEFAULT NULL, "updated_at" datetime DEFAULT NULL) [0m
  [4;36;1mSQL (0.002771)[0m   [0;1mCREATE TABLE schema_info (version integer)[0m
  [4;35;1mSQL (0.002366)[0m   [0mINSERT INTO schema_info (version) VALUES(0)[0m
  [4;36;1mSQL (0.002321)[0m   [0;1mUPDATE schema_info SET version = 1[0m
  [4;36;1mSQL (0.000425)[0m   [0;1mselect sqlite_version(*)[0m
  [4;35;1mSQL (0.000000)[0m   [0mSQLite3::SQLException: table schema_info already exists: CREATE TABLE schema_info (version integer)[0m
  [4;36;1mSQL (0.000271)[0m   [0;1mSELECT * FROM schema_info[0m
  [4;35;1mSQL (0.000304)[0m   [0m SELECT name
 FROM sqlite_master
 WHERE type = 'table' AND NOT name = 'sqlite_sequence'
[0m
  [4;36;1mSQL (0.000080)[0m   [0;1mPRAGMA index_list(items)[0m
  [4;35;1mSQL (0.000251)[0m   [0mselect sqlite_version(*)[0m
  [4;36;1mSQL (0.000000)[0m   [0;1mSQLite3::SQLException: no such table: items: DROP TABLE items[0m
  [4;35;1mSQL (0.063022)[0m   [0mCREATE TABLE items ("id" INTEGER PRIMARY KEY AUTOINCREMENT NOT NULL, "title" varchar(255) DEFAULT NULL, "asin" varchar(255) DEFAULT NULL, "created_at" datetime DEFAULT NULL, "updated_at" datetime DEFAULT NULL) [0m
  [4;36;1mSQL (0.002833)[0m   [0;1mCREATE TABLE schema_info (version integer)[0m
  [4;35;1mSQL (0.002317)[0m   [0mINSERT INTO schema_info (version) VALUES(0)[0m
  [4;36;1mSQL (0.002647)[0m   [0;1mUPDATE schema_info SET version = 1[0m
  [4;36;1mSQL (0.000459)[0m   [0;1mselect sqlite_version(*)[0m
  [4;35;1mSQL (0.000000)[0m   [0mSQLite3::SQLException: table schema_info already exists: CREATE TABLE schema_info (version integer)[0m
  [4;36;1mSQL (0.000266)[0m   [0;1mSELECT * FROM schema_info[0m
  [4;35;1mSQL (0.000305)[0m   [0m SELECT name
 FROM sqlite_master
 WHERE type = 'table' AND NOT name = 'sqlite_sequence'
[0m
  [4;36;1mSQL (0.000078)[0m   [0;1mPRAGMA index_list(items)[0m
  [4;35;1mSQL (0.000262)[0m   [0mselect sqlite_version(*)[0m
  [4;36;1mSQL (0.000000)[0m   [0;1mSQLite3::SQLException: no such table: items: DROP TABLE items[0m
  [4;35;1mSQL (0.256029)[0m   [0mCREATE TABLE items ("id" INTEGER PRIMARY KEY AUTOINCREMENT NOT NULL, "title" varchar(255) DEFAULT NULL, "asin" varchar(255) DEFAULT NULL, "created_at" datetime DEFAULT NULL, "updated_at" datetime DEFAULT NULL) [0m
  [4;36;1mSQL (0.004985)[0m   [0;1mCREATE TABLE schema_info (version integer)[0m
  [4;35;1mSQL (0.004146)[0m   [0mINSERT INTO schema_info (version) VALUES(0)[0m
  [4;36;1mSQL (0.011811)[0m   [0;1mUPDATE schema_info SET version = 1[0m
  [4;36;1mSQL (0.000386)[0m   [0;1mselect sqlite_version(*)[0m
  [4;35;1mSQL (0.000000)[0m   [0mSQLite3::SQLException: table schema_info already exists: CREATE TABLE schema_info (version integer)[0m
  [4;36;1mSQL (0.000336)[0m   [0;1mSELECT * FROM schema_info[0m
  [4;35;1mSQL (0.000428)[0m   [0m SELECT name
 FROM sqlite_master
 WHERE type = 'table' AND NOT name = 'sqlite_sequence'
[0m
  [4;36;1mSQL (0.000081)[0m   [0;1mPRAGMA index_list(items)[0m
  [4;35;1mSQL (0.000484)[0m   [0mselect sqlite_version(*)[0m
  [4;36;1mSQL (0.000000)[0m   [0;1mSQLite3::SQLException: no such table: items: DROP TABLE items[0m
  [4;35;1mSQL (0.094562)[0m   [0mCREATE TABLE items ("id" INTEGER PRIMARY KEY AUTOINCREMENT NOT NULL, "title" varchar(255) DEFAULT NULL, "asin" varchar(255) DEFAULT NULL, "created_at" datetime DEFAULT NULL, "updated_at" datetime DEFAULT NULL) [0m
  [4;36;1mSQL (0.003490)[0m   [0;1mCREATE TABLE schema_info (version integer)[0m
  [4;35;1mSQL (0.002344)[0m   [0mINSERT INTO schema_info (version) VALUES(0)[0m
  [4;36;1mSQL (0.002272)[0m   [0;1mUPDATE schema_info SET version = 1[0m
  [4;36;1mSQL (0.000382)[0m   [0;1mselect sqlite_version(*)[0m
  [4;35;1mSQL (0.000000)[0m   [0mSQLite3::SQLException: table schema_info already exists: CREATE TABLE schema_info (version integer)[0m
  [4;36;1mSQL (0.000263)[0m   [0;1mSELECT * FROM schema_info[0m
  [4;35;1mSQL (0.000302)[0m   [0m SELECT name
 FROM sqlite_master
 WHERE type = 'table' AND NOT name = 'sqlite_sequence'
[0m
  [4;36;1mSQL (0.000081)[0m   [0;1mPRAGMA index_list(items)[0m
  [4;35;1mSQL (0.000288)[0m   [0mselect sqlite_version(*)[0m
  [4;36;1mSQL (0.000000)[0m   [0;1mSQLite3::SQLException: no such table: items: DROP TABLE items[0m
  [4;35;1mSQL (0.265944)[0m   [0mCREATE TABLE items ("id" INTEGER PRIMARY KEY AUTOINCREMENT NOT NULL, "title" varchar(255) DEFAULT NULL, "asin" varchar(255) DEFAULT NULL, "created_at" datetime DEFAULT NULL, "updated_at" datetime DEFAULT NULL) [0m
  [4;36;1mSQL (0.004527)[0m   [0;1mCREATE TABLE schema_info (version integer)[0m
  [4;35;1mSQL (0.003665)[0m   [0mINSERT INTO schema_info (version) VALUES(0)[0m
  [4;36;1mSQL (0.011441)[0m   [0;1mUPDATE schema_info SET version = 1[0m
  [4;36;1mSQL (0.000387)[0m   [0;1mselect sqlite_version(*)[0m
  [4;35;1mSQL (0.000000)[0m   [0mSQLite3::SQLException: table schema_info already exists: CREATE TABLE schema_info (version integer)[0m
  [4;36;1mSQL (0.000262)[0m   [0;1mSELECT * FROM schema_info[0m
  [4;35;1mSQL (0.000303)[0m   [0m SELECT name
 FROM sqlite_master
 WHERE type = 'table' AND NOT name = 'sqlite_sequence'
[0m
  [4;36;1mSQL (0.000077)[0m   [0;1mPRAGMA index_list(items)[0m
  [4;35;1mSQL (0.000257)[0m   [0mselect sqlite_version(*)[0m
  [4;36;1mSQL (0.000000)[0m   [0;1mSQLite3::SQLException: no such table: items: DROP TABLE items[0m
  [4;35;1mSQL (0.086960)[0m   [0mCREATE TABLE items ("id" INTEGER PRIMARY KEY AUTOINCREMENT NOT NULL, "title" varchar(255) DEFAULT NULL, "asin" varchar(255) DEFAULT NULL, "created_at" datetime DEFAULT NULL, "updated_at" datetime DEFAULT NULL) [0m
  [4;36;1mSQL (0.002908)[0m   [0;1mCREATE TABLE schema_info (version integer)[0m
  [4;35;1mSQL (0.002283)[0m   [0mINSERT INTO schema_info (version) VALUES(0)[0m
  [4;36;1mSQL (0.002260)[0m   [0;1mUPDATE schema_info SET version = 1[0m
  [4;36;1mSQL (0.000397)[0m   [0;1mselect sqlite_version(*)[0m
  [4;35;1mSQL (0.000000)[0m   [0mSQLite3::SQLException: table schema_info already exists: CREATE TABLE schema_info (version integer)[0m
  [4;36;1mSQL (0.000290)[0m   [0;1mSELECT * FROM schema_info[0m
  [4;35;1mSQL (0.000303)[0m   [0m SELECT name
 FROM sqlite_master
 WHERE type = 'table' AND NOT name = 'sqlite_sequence'
[0m
  [4;36;1mSQL (0.000076)[0m   [0;1mPRAGMA index_list(items)[0m
  [4;35;1mSQL (0.000253)[0m   [0mselect sqlite_version(*)[0m
  [4;36;1mSQL (0.000000)[0m   [0;1mSQLite3::SQLException: no such table: items: DROP TABLE items[0m
  [4;35;1mSQL (0.251748)[0m   [0mCREATE TABLE items ("id" INTEGER PRIMARY KEY AUTOINCREMENT NOT NULL, "title" varchar(255) DEFAULT NULL, "asin" varchar(255) DEFAULT NULL, "created_at" datetime DEFAULT NULL, "updated_at" datetime DEFAULT NULL) [0m
  [4;36;1mSQL (0.004893)[0m   [0;1mCREATE TABLE schema_info (version integer)[0m
  [4;35;1mSQL (0.004259)[0m   [0mINSERT INTO schema_info (version) VALUES(0)[0m
  [4;36;1mSQL (0.011301)[0m   [0;1mUPDATE schema_info SET version = 1[0m
  [4;36;1mSQL (0.000381)[0m   [0;1mselect sqlite_version(*)[0m
  [4;35;1mSQL (0.000000)[0m   [0mSQLite3::SQLException: table schema_info already exists: CREATE TABLE schema_info (version integer)[0m
  [4;36;1mSQL (0.000287)[0m   [0;1mSELECT * FROM schema_info[0m
  [4;35;1mSQL (0.000304)[0m   [0m SELECT name
 FROM sqlite_master
 WHERE type = 'table' AND NOT name = 'sqlite_sequence'
[0m
  [4;36;1mSQL (0.000091)[0m   [0;1mPRAGMA index_list(items)[0m
  [4;35;1mSQL (0.000247)[0m   [0mselect sqlite_version(*)[0m
  [4;36;1mSQL (0.000000)[0m   [0;1mSQLite3::SQLException: no such table: items: DROP TABLE items[0m
  [4;35;1mSQL (0.086873)[0m   [0mCREATE TABLE items ("id" INTEGER PRIMARY KEY AUTOINCREMENT NOT NULL, "title" varchar(255) DEFAULT NULL, "asin" varchar(255) DEFAULT NULL, "created_at" datetime DEFAULT NULL, "updated_at" datetime DEFAULT NULL) [0m
  [4;36;1mSQL (0.003142)[0m   [0;1mCREATE TABLE schema_info (version integer)[0m
  [4;35;1mSQL (0.002252)[0m   [0mINSERT INTO schema_info (version) VALUES(0)[0m
  [4;36;1mSQL (0.002137)[0m   [0;1mUPDATE schema_info SET version = 1[0m
  [4;36;1mSQL (0.000386)[0m   [0;1mselect sqlite_version(*)[0m
  [4;35;1mSQL (0.000000)[0m   [0mSQLite3::SQLException: table schema_info already exists: CREATE TABLE schema_info (version integer)[0m
  [4;36;1mSQL (0.000334)[0m   [0;1mSELECT * FROM schema_info[0m
  [4;35;1mSQL (0.000309)[0m   [0m SELECT name
 FROM sqlite_master
 WHERE type = 'table' AND NOT name = 'sqlite_sequence'
[0m
  [4;36;1mSQL (0.000080)[0m   [0;1mPRAGMA index_list(items)[0m
  [4;35;1mSQL (0.000251)[0m   [0mselect sqlite_version(*)[0m
  [4;36;1mSQL (0.000000)[0m   [0;1mSQLite3::SQLException: no such table: items: DROP TABLE items[0m
  [4;35;1mSQL (0.078251)[0m   [0mCREATE TABLE items ("id" INTEGER PRIMARY KEY AUTOINCREMENT NOT NULL, "title" varchar(255) DEFAULT NULL, "asin" varchar(255) DEFAULT NULL, "created_at" datetime DEFAULT NULL, "updated_at" datetime DEFAULT NULL) [0m
  [4;36;1mSQL (0.002935)[0m   [0;1mCREATE TABLE schema_info (version integer)[0m
  [4;35;1mSQL (0.002181)[0m   [0mINSERT INTO schema_info (version) VALUES(0)[0m
  [4;36;1mSQL (0.002203)[0m   [0;1mUPDATE schema_info SET version = 1[0m
  [4;36;1mSQL (0.000382)[0m   [0;1mselect sqlite_version(*)[0m
  [4;35;1mSQL (0.000000)[0m   [0mSQLite3::SQLException: table schema_info already exists: CREATE TABLE schema_info (version integer)[0m
  [4;36;1mSQL (0.000280)[0m   [0;1mSELECT * FROM schema_info[0m
  [4;35;1mSQL (0.000303)[0m   [0m SELECT name
 FROM sqlite_master
 WHERE type = 'table' AND NOT name = 'sqlite_sequence'
[0m
  [4;36;1mSQL (0.000077)[0m   [0;1mPRAGMA index_list(items)[0m
  [4;35;1mSQL (0.000304)[0m   [0mselect sqlite_version(*)[0m
  [4;36;1mSQL (0.000000)[0m   [0;1mSQLite3::SQLException: no such table: items: DROP TABLE items[0m
  [4;35;1mSQL (0.269554)[0m   [0mCREATE TABLE items ("id" INTEGER PRIMARY KEY AUTOINCREMENT NOT NULL, "title" varchar(255) DEFAULT NULL, "asin" varchar(255) DEFAULT NULL, "created_at" datetime DEFAULT NULL, "updated_at" datetime DEFAULT NULL) [0m
  [4;36;1mSQL (0.005062)[0m   [0;1mCREATE TABLE schema_info (version integer)[0m
  [4;35;1mSQL (0.004601)[0m   [0mINSERT INTO schema_info (version) VALUES(0)[0m
  [4;36;1mSQL (0.011075)[0m   [0;1mUPDATE schema_info SET version = 1[0m
  [4;36;1mSQL (0.000427)[0m   [0;1mselect sqlite_version(*)[0m
  [4;35;1mSQL (0.000000)[0m   [0mSQLite3::SQLException: table schema_info already exists: CREATE TABLE schema_info (version integer)[0m
  [4;36;1mSQL (0.000279)[0m   [0;1mSELECT * FROM schema_info[0m
  [4;35;1mSQL (0.000306)[0m   [0m SELECT name
 FROM sqlite_master
 WHERE type = 'table' AND NOT name = 'sqlite_sequence'
[0m
  [4;36;1mSQL (0.000080)[0m   [0;1mPRAGMA index_list(items)[0m
  [4;35;1mSQL (0.000257)[0m   [0mselect sqlite_version(*)[0m
  [4;36;1mSQL (0.000000)[0m   [0;1mSQLite3::SQLException: no such table: items: DROP TABLE items[0m
  [4;35;1mSQL (0.308282)[0m   [0mCREATE TABLE items ("id" INTEGER PRIMARY KEY AUTOINCREMENT NOT NULL, "title" varchar(255) DEFAULT NULL, "asin" varchar(255) DEFAULT NULL, "created_at" datetime DEFAULT NULL, "updated_at" datetime DEFAULT NULL) [0m
  [4;36;1mSQL (0.003565)[0m   [0;1mCREATE TABLE schema_info (version integer)[0m
  [4;35;1mSQL (0.004187)[0m   [0mINSERT INTO schema_info (version) VALUES(0)[0m
  [4;36;1mSQL (0.004282)[0m   [0;1mUPDATE schema_info SET version = 1[0m
  [4;36;1mSQL (0.000398)[0m   [0;1mselect sqlite_version(*)[0m
  [4;35;1mSQL (0.000000)[0m   [0mSQLite3::SQLException: table schema_info already exists: CREATE TABLE schema_info (version integer)[0m
  [4;36;1mSQL (0.000314)[0m   [0;1mSELECT * FROM schema_info[0m
  [4;35;1mSQL (0.000310)[0m   [0m SELECT name
 FROM sqlite_master
 WHERE type = 'table' AND NOT name = 'sqlite_sequence'
[0m
  [4;36;1mSQL (0.000091)[0m   [0;1mPRAGMA index_list(items)[0m
  [4;35;1mSQL (0.000264)[0m   [0mselect sqlite_version(*)[0m
  [4;36;1mSQL (0.000000)[0m   [0;1mSQLite3::SQLException: no such table: items: DROP TABLE items[0m
  [4;35;1mSQL (0.254104)[0m   [0mCREATE TABLE items ("id" INTEGER PRIMARY KEY AUTOINCREMENT NOT NULL, "title" varchar(255) DEFAULT NULL, "asin" varchar(255) DEFAULT NULL, "created_at" datetime DEFAULT NULL, "updated_at" datetime DEFAULT NULL) [0m
  [4;36;1mSQL (0.003896)[0m   [0;1mCREATE TABLE schema_info (version integer)[0m
  [4;35;1mSQL (0.003972)[0m   [0mINSERT INTO schema_info (version) VALUES(0)[0m
  [4;36;1mSQL (0.005596)[0m   [0;1mUPDATE schema_info SET version = 1[0m
  [4;36;1mSQL (0.000878)[0m   [0;1mselect sqlite_version(*)[0m
  [4;35;1mSQL (0.000000)[0m   [0mSQLite3::SQLException: table schema_info already exists: CREATE TABLE schema_info (version integer)[0m
  [4;36;1mSQL (0.000589)[0m   [0;1mSELECT * FROM schema_info[0m
  [4;35;1mSQL (0.000710)[0m   [0m SELECT name
 FROM sqlite_master
 WHERE type = 'table' AND NOT name = 'sqlite_sequence'
[0m
  [4;36;1mSQL (0.000183)[0m   [0;1mPRAGMA index_list(items)[0m
  [4;35;1mSQL (0.000526)[0m   [0mselect sqlite_version(*)[0m
  [4;36;1mSQL (0.000000)[0m   [0;1mSQLite3::SQLException: no such table: items: DROP TABLE items[0m
  [4;35;1mSQL (0.036611)[0m   [0mCREATE TABLE items ("id" INTEGER PRIMARY KEY AUTOINCREMENT NOT NULL, "title" varchar(255) DEFAULT NULL, "asin" varchar(255) DEFAULT NULL, "created_at" datetime DEFAULT NULL, "updated_at" datetime DEFAULT NULL) [0m
  [4;36;1mSQL (0.003604)[0m   [0;1mCREATE TABLE schema_info (version integer)[0m
  [4;35;1mSQL (0.003451)[0m   [0mINSERT INTO schema_info (version) VALUES(0)[0m
  [4;36;1mSQL (0.002755)[0m   [0;1mUPDATE schema_info SET version = 1[0m
  [4;36;1mSQL (0.000409)[0m   [0;1mselect sqlite_version(*)[0m
  [4;35;1mSQL (0.000000)[0m   [0mSQLite3::SQLException: table schema_info already exists: CREATE TABLE schema_info (version integer)[0m
  [4;36;1mSQL (0.000267)[0m   [0;1mSELECT * FROM schema_info[0m
  [4;35;1mSQL (0.000305)[0m   [0m SELECT name
 FROM sqlite_master
 WHERE type = 'table' AND NOT name = 'sqlite_sequence'
[0m
  [4;36;1mSQL (0.000085)[0m   [0;1mPRAGMA index_list(items)[0m
  [4;35;1mSQL (0.000264)[0m   [0mselect sqlite_version(*)[0m
  [4;36;1mSQL (0.000000)[0m   [0;1mSQLite3::SQLException: no such table: items: DROP TABLE items[0m
  [4;35;1mSQL (0.111384)[0m   [0mCREATE TABLE items ("id" INTEGER PRIMARY KEY AUTOINCREMENT NOT NULL, "title" varchar(255) DEFAULT NULL, "asin" varchar(255) DEFAULT NULL, "created_at" datetime DEFAULT NULL, "updated_at" datetime DEFAULT NULL) [0m
  [4;36;1mSQL (0.002794)[0m   [0;1mCREATE TABLE schema_info (version integer)[0m
  [4;35;1mSQL (0.002300)[0m   [0mINSERT INTO schema_info (version) VALUES(0)[0m
  [4;36;1mSQL (0.002295)[0m   [0;1mUPDATE schema_info SET version = 1[0m
  [4;36;1mSQL (0.000406)[0m   [0;1mselect sqlite_version(*)[0m
  [4;35;1mSQL (0.000000)[0m   [0mSQLite3::SQLException: table schema_info already exists: CREATE TABLE schema_info (version integer)[0m
  [4;36;1mSQL (0.000298)[0m   [0;1mSELECT * FROM schema_info[0m
  [4;35;1mSQL (0.000314)[0m   [0m SELECT name
 FROM sqlite_master
 WHERE type = 'table' AND NOT name = 'sqlite_sequence'
[0m
  [4;36;1mSQL (0.000080)[0m   [0;1mPRAGMA index_list(items)[0m
  [4;35;1mSQL (0.000243)[0m   [0mselect sqlite_version(*)[0m
  [4;36;1mSQL (0.000000)[0m   [0;1mSQLite3::SQLException: no such table: items: DROP TABLE items[0m
  [4;35;1mSQL (0.082015)[0m   [0mCREATE TABLE items ("id" INTEGER PRIMARY KEY AUTOINCREMENT NOT NULL, "title" varchar(255) DEFAULT NULL, "asin" varchar(255) DEFAULT NULL, "created_at" datetime DEFAULT NULL, "updated_at" datetime DEFAULT NULL) [0m
  [4;36;1mSQL (0.002807)[0m   [0;1mCREATE TABLE schema_info (version integer)[0m
  [4;35;1mSQL (0.002180)[0m   [0mINSERT INTO schema_info (version) VALUES(0)[0m
  [4;36;1mSQL (0.002184)[0m   [0;1mUPDATE schema_info SET version = 1[0m
  [4;36;1mSQL (0.000407)[0m   [0;1mselect sqlite_version(*)[0m
  [4;35;1mSQL (0.000000)[0m   [0mSQLite3::SQLException: table schema_info already exists: CREATE TABLE schema_info (version integer)[0m
  [4;36;1mSQL (0.000262)[0m   [0;1mSELECT * FROM schema_info[0m
  [4;35;1mSQL (0.000301)[0m   [0m SELECT name
 FROM sqlite_master
 WHERE type = 'table' AND NOT name = 'sqlite_sequence'
[0m
  [4;36;1mSQL (0.000077)[0m   [0;1mPRAGMA index_list(items)[0m
  [4;35;1mSQL (0.000251)[0m   [0mselect sqlite_version(*)[0m
  [4;36;1mSQL (0.000000)[0m   [0;1mSQLite3::SQLException: no such table: items: DROP TABLE items[0m
  [4;35;1mSQL (0.007709)[0m   [0mCREATE TABLE items ("id" INTEGER PRIMARY KEY AUTOINCREMENT NOT NULL, "title" varchar(255) DEFAULT NULL, "asin" varchar(255) DEFAULT NULL, "created_at" datetime DEFAULT NULL, "updated_at" datetime DEFAULT NULL) [0m
  [4;36;1mSQL (0.003210)[0m   [0;1mCREATE TABLE schema_info (version integer)[0m
  [4;35;1mSQL (0.002110)[0m   [0mINSERT INTO schema_info (version) VALUES(0)[0m
  [4;36;1mSQL (0.002110)[0m   [0;1mUPDATE schema_info SET version = 1[0m
  [4;36;1mSQL (0.000384)[0m   [0;1mselect sqlite_version(*)[0m
  [4;35;1mSQL (0.000000)[0m   [0mSQLite3::SQLException: table schema_info already exists: CREATE TABLE schema_info (version integer)[0m
  [4;36;1mSQL (0.000267)[0m   [0;1mSELECT * FROM schema_info[0m
  [4;35;1mSQL (0.000305)[0m   [0m SELECT name
 FROM sqlite_master
 WHERE type = 'table' AND NOT name = 'sqlite_sequence'
[0m
  [4;36;1mSQL (0.000078)[0m   [0;1mPRAGMA index_list(items)[0m
  [4;35;1mSQL (0.000275)[0m   [0mselect sqlite_version(*)[0m
  [4;36;1mSQL (0.000000)[0m   [0;1mSQLite3::SQLException: no such table: items: DROP TABLE items[0m
  [4;35;1mSQL (0.074540)[0m   [0mCREATE TABLE items ("id" INTEGER PRIMARY KEY AUTOINCREMENT NOT NULL, "title" varchar(255) DEFAULT NULL, "asin" varchar(255) DEFAULT NULL, "created_at" datetime DEFAULT NULL, "updated_at" datetime DEFAULT NULL) [0m
  [4;36;1mSQL (0.002768)[0m   [0;1mCREATE TABLE schema_info (version integer)[0m
  [4;35;1mSQL (0.002151)[0m   [0mINSERT INTO schema_info (version) VALUES(0)[0m
  [4;36;1mSQL (0.002227)[0m   [0;1mUPDATE schema_info SET version = 1[0m
  [4;36;1mSQL (0.000393)[0m   [0;1mselect sqlite_version(*)[0m
  [4;35;1mSQL (0.000000)[0m   [0mSQLite3::SQLException: table schema_info already exists: CREATE TABLE schema_info (version integer)[0m
  [4;36;1mSQL (0.000281)[0m   [0;1mSELECT * FROM schema_info[0m
  [4;35;1mSQL (0.000306)[0m   [0m SELECT name
 FROM sqlite_master
 WHERE type = 'table' AND NOT name = 'sqlite_sequence'
[0m
  [4;36;1mSQL (0.000085)[0m   [0;1mPRAGMA index_list(items)[0m
  [4;35;1mSQL (0.000250)[0m   [0mselect sqlite_version(*)[0m
  [4;36;1mSQL (0.000000)[0m   [0;1mSQLite3::SQLException: no such table: items: DROP TABLE items[0m
  [4;35;1mSQL (0.117942)[0m   [0mCREATE TABLE items ("id" INTEGER PRIMARY KEY AUTOINCREMENT NOT NULL, "title" varchar(255) DEFAULT NULL, "asin" varchar(255) DEFAULT NULL, "created_at" datetime DEFAULT NULL, "updated_at" datetime DEFAULT NULL) [0m
  [4;36;1mSQL (0.002820)[0m   [0;1mCREATE TABLE schema_info (version integer)[0m
  [4;35;1mSQL (0.002192)[0m   [0mINSERT INTO schema_info (version) VALUES(0)[0m
  [4;36;1mSQL (0.002117)[0m   [0;1mUPDATE schema_info SET version = 1[0m
  [4;36;1mSQL (0.000387)[0m   [0;1mselect sqlite_version(*)[0m
  [4;35;1mSQL (0.000000)[0m   [0mSQLite3::SQLException: table schema_info already exists: CREATE TABLE schema_info (version integer)[0m
  [4;36;1mSQL (0.000269)[0m   [0;1mSELECT * FROM schema_info[0m
  [4;35;1mSQL (0.000304)[0m   [0m SELECT name
 FROM sqlite_master
 WHERE type = 'table' AND NOT name = 'sqlite_sequence'
[0m
  [4;36;1mSQL (0.000080)[0m   [0;1mPRAGMA index_list(items)[0m
  [4;35;1mSQL (0.000264)[0m   [0mselect sqlite_version(*)[0m
  [4;36;1mSQL (0.000000)[0m   [0;1mSQLite3::SQLException: no such table: items: DROP TABLE items[0m
  [4;35;1mSQL (0.100208)[0m   [0mCREATE TABLE items ("id" INTEGER PRIMARY KEY AUTOINCREMENT NOT NULL, "title" varchar(255) DEFAULT NULL, "asin" varchar(255) DEFAULT NULL, "created_at" datetime DEFAULT NULL, "updated_at" datetime DEFAULT NULL) [0m
  [4;36;1mSQL (0.002793)[0m   [0;1mCREATE TABLE schema_info (version integer)[0m
  [4;35;1mSQL (0.002184)[0m   [0mINSERT INTO schema_info (version) VALUES(0)[0m
  [4;36;1mSQL (0.002239)[0m   [0;1mUPDATE schema_info SET version = 1[0m
  [4;36;1mSQL (0.000385)[0m   [0;1mselect sqlite_version(*)[0m
  [4;35;1mSQL (0.000000)[0m   [0mSQLite3::SQLException: table schema_info already exists: CREATE TABLE schema_info (version integer)[0m
  [4;36;1mSQL (0.000266)[0m   [0;1mSELECT * FROM schema_info[0m
  [4;35;1mSQL (0.000302)[0m   [0m SELECT name
 FROM sqlite_master
 WHERE type = 'table' AND NOT name = 'sqlite_sequence'
[0m
  [4;36;1mSQL (0.000078)[0m   [0;1mPRAGMA index_list(items)[0m
  [4;35;1mSQL (0.000254)[0m   [0mselect sqlite_version(*)[0m
  [4;36;1mSQL (0.000000)[0m   [0;1mSQLite3::SQLException: no such table: items: DROP TABLE items[0m
  [4;35;1mSQL (0.067721)[0m   [0mCREATE TABLE items ("id" INTEGER PRIMARY KEY AUTOINCREMENT NOT NULL, "title" varchar(255) DEFAULT NULL, "asin" varchar(255) DEFAULT NULL, "created_at" datetime DEFAULT NULL, "updated_at" datetime DEFAULT NULL) [0m
  [4;36;1mSQL (0.002861)[0m   [0;1mCREATE TABLE schema_info (version integer)[0m
  [4;35;1mSQL (0.002174)[0m   [0mINSERT INTO schema_info (version) VALUES(0)[0m
  [4;36;1mSQL (0.002277)[0m   [0;1mUPDATE schema_info SET version = 1[0m
  [4;36;1mSQL (0.000387)[0m   [0;1mselect sqlite_version(*)[0m
  [4;35;1mSQL (0.000000)[0m   [0mSQLite3::SQLException: table schema_info already exists: CREATE TABLE schema_info (version integer)[0m
  [4;36;1mSQL (0.000268)[0m   [0;1mSELECT * FROM schema_info[0m
  [4;35;1mSQL (0.000302)[0m   [0m SELECT name
 FROM sqlite_master
 WHERE type = 'table' AND NOT name = 'sqlite_sequence'
[0m
  [4;36;1mSQL (0.000077)[0m   [0;1mPRAGMA index_list(items)[0m
  [4;35;1mSQL (0.000245)[0m   [0mselect sqlite_version(*)[0m
  [4;36;1mSQL (0.000000)[0m   [0;1mSQLite3::SQLException: no such table: items: DROP TABLE items[0m
  [4;35;1mSQL (0.045638)[0m   [0mCREATE TABLE items ("id" INTEGER PRIMARY KEY AUTOINCREMENT NOT NULL, "title" varchar(255) DEFAULT NULL, "asin" varchar(255) DEFAULT NULL, "created_at" datetime DEFAULT NULL, "updated_at" datetime DEFAULT NULL) [0m
  [4;36;1mSQL (0.002656)[0m   [0;1mCREATE TABLE schema_info (version integer)[0m
  [4;35;1mSQL (0.002169)[0m   [0mINSERT INTO schema_info (version) VALUES(0)[0m
  [4;36;1mSQL (0.002236)[0m   [0;1mUPDATE schema_info SET version = 1[0m
  [4;36;1mSQL (0.000409)[0m   [0;1mselect sqlite_version(*)[0m
  [4;35;1mSQL (0.000000)[0m   [0mSQLite3::SQLException: table schema_info already exists: CREATE TABLE schema_info (version integer)[0m
  [4;36;1mSQL (0.000270)[0m   [0;1mSELECT * FROM schema_info[0m
  [4;35;1mSQL (0.000305)[0m   [0m SELECT name
 FROM sqlite_master
 WHERE type = 'table' AND NOT name = 'sqlite_sequence'
[0m
  [4;36;1mSQL (0.000078)[0m   [0;1mPRAGMA index_list(items)[0m
  [4;35;1mSQL (0.000249)[0m   [0mselect sqlite_version(*)[0m
  [4;36;1mSQL (0.000000)[0m   [0;1mSQLite3::SQLException: no such table: items: DROP TABLE items[0m
  [4;35;1mSQL (0.425997)[0m   [0mCREATE TABLE items ("id" INTEGER PRIMARY KEY AUTOINCREMENT NOT NULL, "title" varchar(255) DEFAULT NULL, "asin" varchar(255) DEFAULT NULL, "created_at" datetime DEFAULT NULL, "updated_at" datetime DEFAULT NULL) [0m
  [4;36;1mSQL (0.003278)[0m   [0;1mCREATE TABLE schema_info (version integer)[0m
  [4;35;1mSQL (0.002593)[0m   [0mINSERT INTO schema_info (version) VALUES(0)[0m
  [4;36;1mSQL (0.002782)[0m   [0;1mUPDATE schema_info SET version = 1[0m
  [4;36;1mSQL (0.000395)[0m   [0;1mselect sqlite_version(*)[0m
  [4;35;1mSQL (0.000000)[0m   [0mSQLite3::SQLException: table schema_info already exists: CREATE TABLE schema_info (version integer)[0m
  [4;36;1mSQL (0.000305)[0m   [0;1mSELECT * FROM schema_info[0m
  [4;35;1mSQL (0.000310)[0m   [0m SELECT name
 FROM sqlite_master
 WHERE type = 'table' AND NOT name = 'sqlite_sequence'
[0m
  [4;36;1mSQL (0.000077)[0m   [0;1mPRAGMA index_list(items)[0m
  [4;35;1mSQL (0.000248)[0m   [0mselect sqlite_version(*)[0m
  [4;36;1mSQL (0.000000)[0m   [0;1mSQLite3::SQLException: no such table: items: DROP TABLE items[0m
  [4;35;1mSQL (0.085470)[0m   [0mCREATE TABLE items ("id" INTEGER PRIMARY KEY AUTOINCREMENT NOT NULL, "title" varchar(255) DEFAULT NULL, "asin" varchar(255) DEFAULT NULL, "created_at" datetime DEFAULT NULL, "updated_at" datetime DEFAULT NULL) [0m
  [4;36;1mSQL (0.002836)[0m   [0;1mCREATE TABLE schema_info (version integer)[0m
  [4;35;1mSQL (0.002185)[0m   [0mINSERT INTO schema_info (version) VALUES(0)[0m
  [4;36;1mSQL (0.026261)[0m   [0;1mUPDATE schema_info SET version = 1[0m
  [4;36;1mSQL (0.000384)[0m   [0;1mselect sqlite_version(*)[0m
  [4;35;1mSQL (0.000000)[0m   [0mSQLite3::SQLException: table schema_info already exists: CREATE TABLE schema_info (version integer)[0m
  [4;36;1mSQL (0.000282)[0m   [0;1mSELECT * FROM schema_info[0m
  [4;35;1mSQL (0.000305)[0m   [0m SELECT name
 FROM sqlite_master
 WHERE type = 'table' AND NOT name = 'sqlite_sequence'
[0m
  [4;36;1mSQL (0.000076)[0m   [0;1mPRAGMA index_list(items)[0m
  [4;35;1mSQL (0.000245)[0m   [0mselect sqlite_version(*)[0m
  [4;36;1mSQL (0.000000)[0m   [0;1mSQLite3::SQLException: no such table: items: DROP TABLE items[0m
  [4;35;1mSQL (0.120450)[0m   [0mCREATE TABLE items ("id" INTEGER PRIMARY KEY AUTOINCREMENT NOT NULL, "title" varchar(255) DEFAULT NULL, "asin" varchar(255) DEFAULT NULL, "created_at" datetime DEFAULT NULL, "updated_at" datetime DEFAULT NULL) [0m
  [4;36;1mSQL (0.002901)[0m   [0;1mCREATE TABLE schema_info (version integer)[0m
  [4;35;1mSQL (0.002179)[0m   [0mINSERT INTO schema_info (version) VALUES(0)[0m
  [4;36;1mSQL (0.002191)[0m   [0;1mUPDATE schema_info SET version = 1[0m
  [4;36;1mSQL (0.000807)[0m   [0;1mselect sqlite_version(*)[0m
  [4;35;1mSQL (0.000000)[0m   [0mSQLite3::SQLException: table schema_info already exists: CREATE TABLE schema_info (version integer)[0m
  [4;36;1mSQL (0.000604)[0m   [0;1mSELECT * FROM schema_info[0m
  [4;35;1mSQL (0.000705)[0m   [0m SELECT name
 FROM sqlite_master
 WHERE type = 'table' AND NOT name = 'sqlite_sequence'
[0m
  [4;36;1mSQL (0.000181)[0m   [0;1mPRAGMA index_list(items)[0m
  [4;35;1mSQL (0.000485)[0m   [0mselect sqlite_version(*)[0m
  [4;36;1mSQL (0.000000)[0m   [0;1mSQLite3::SQLException: no such table: items: DROP TABLE items[0m
  [4;35;1mSQL (0.040169)[0m   [0mCREATE TABLE items ("id" INTEGER PRIMARY KEY AUTOINCREMENT NOT NULL, "title" varchar(255) DEFAULT NULL, "asin" varchar(255) DEFAULT NULL, "created_at" datetime DEFAULT NULL, "updated_at" datetime DEFAULT NULL) [0m
  [4;36;1mSQL (0.003573)[0m   [0;1mCREATE TABLE schema_info (version integer)[0m
  [4;35;1mSQL (0.002649)[0m   [0mINSERT INTO schema_info (version) VALUES(0)[0m
  [4;36;1mSQL (0.003359)[0m   [0;1mUPDATE schema_info SET version = 1[0m
  [4;36;1mSQL (0.000788)[0m   [0;1mselect sqlite_version(*)[0m
  [4;35;1mSQL (0.000000)[0m   [0mSQLite3::SQLException: table schema_info already exists: CREATE TABLE schema_info (version integer)[0m
  [4;36;1mSQL (0.000581)[0m   [0;1mSELECT * FROM schema_info[0m
  [4;35;1mSQL (0.000757)[0m   [0m SELECT name
 FROM sqlite_master
 WHERE type = 'table' AND NOT name = 'sqlite_sequence'
[0m
  [4;36;1mSQL (0.000179)[0m   [0;1mPRAGMA index_list(items)[0m
  [4;35;1mSQL (0.000489)[0m   [0mselect sqlite_version(*)[0m
  [4;36;1mSQL (0.000000)[0m   [0;1mSQLite3::SQLException: no such table: items: DROP TABLE items[0m
  [4;35;1mSQL (0.090469)[0m   [0mCREATE TABLE items ("id" INTEGER PRIMARY KEY AUTOINCREMENT NOT NULL, "title" varchar(255) DEFAULT NULL, "asin" varchar(255) DEFAULT NULL, "created_at" datetime DEFAULT NULL, "updated_at" datetime DEFAULT NULL) [0m
  [4;36;1mSQL (0.003476)[0m   [0;1mCREATE TABLE schema_info (version integer)[0m
  [4;35;1mSQL (0.002915)[0m   [0mINSERT INTO schema_info (version) VALUES(0)[0m
  [4;36;1mSQL (0.002761)[0m   [0;1mUPDATE schema_info SET version = 1[0m
  [4;36;1mSQL (0.000389)[0m   [0;1mselect sqlite_version(*)[0m
  [4;35;1mSQL (0.000000)[0m   [0mSQLite3::SQLException: table schema_info already exists: CREATE TABLE schema_info (version integer)[0m
  [4;36;1mSQL (0.000278)[0m   [0;1mSELECT * FROM schema_info[0m
  [4;35;1mSQL (0.000303)[0m   [0m SELECT name
 FROM sqlite_master
 WHERE type = 'table' AND NOT name = 'sqlite_sequence'
[0m
  [4;36;1mSQL (0.000078)[0m   [0;1mPRAGMA index_list(items)[0m
  [4;35;1mSQL (0.000250)[0m   [0mselect sqlite_version(*)[0m
  [4;36;1mSQL (0.000000)[0m   [0;1mSQLite3::SQLException: no such table: items: DROP TABLE items[0m
  [4;35;1mSQL (0.062683)[0m   [0mCREATE TABLE items ("id" INTEGER PRIMARY KEY AUTOINCREMENT NOT NULL, "title" varchar(255) DEFAULT NULL, "asin" varchar(255) DEFAULT NULL, "created_at" datetime DEFAULT NULL, "updated_at" datetime DEFAULT NULL) [0m
  [4;36;1mSQL (0.002824)[0m   [0;1mCREATE TABLE schema_info (version integer)[0m
  [4;35;1mSQL (0.002427)[0m   [0mINSERT INTO schema_info (version) VALUES(0)[0m
  [4;36;1mSQL (0.002229)[0m   [0;1mUPDATE schema_info SET version = 1[0m
  [4;36;1mSQL (0.000394)[0m   [0;1mselect sqlite_version(*)[0m
  [4;35;1mSQL (0.000000)[0m   [0mSQLite3::SQLException: table schema_info already exists: CREATE TABLE schema_info (version integer)[0m
  [4;36;1mSQL (0.000278)[0m   [0;1mSELECT * FROM schema_info[0m
  [4;35;1mSQL (0.000308)[0m   [0m SELECT name
 FROM sqlite_master
 WHERE type = 'table' AND NOT name = 'sqlite_sequence'
[0m
  [4;36;1mSQL (0.000082)[0m   [0;1mPRAGMA index_list(items)[0m
  [4;35;1mSQL (0.000263)[0m   [0mselect sqlite_version(*)[0m
  [4;36;1mSQL (0.000000)[0m   [0;1mSQLite3::SQLException: no such table: items: DROP TABLE items[0m
  [4;35;1mSQL (0.117366)[0m   [0mCREATE TABLE items ("id" INTEGER PRIMARY KEY AUTOINCREMENT NOT NULL, "title" varchar(255) DEFAULT NULL, "asin" varchar(255) DEFAULT NULL, "created_at" datetime DEFAULT NULL, "updated_at" datetime DEFAULT NULL) [0m
  [4;36;1mSQL (0.002853)[0m   [0;1mCREATE TABLE schema_info (version integer)[0m
  [4;35;1mSQL (0.002218)[0m   [0mINSERT INTO schema_info (version) VALUES(0)[0m
  [4;36;1mSQL (0.002513)[0m   [0;1mUPDATE schema_info SET version = 1[0m
  [4;36;1mSQL (0.000388)[0m   [0;1mselect sqlite_version(*)[0m
  [4;35;1mSQL (0.000000)[0m   [0mSQLite3::SQLException: table schema_info already exists: CREATE TABLE schema_info (version integer)[0m
  [4;36;1mSQL (0.000280)[0m   [0;1mSELECT * FROM schema_info[0m
  [4;35;1mSQL (0.000304)[0m   [0m SELECT name
 FROM sqlite_master
 WHERE type = 'table' AND NOT name = 'sqlite_sequence'
[0m
  [4;36;1mSQL (0.000079)[0m   [0;1mPRAGMA index_list(items)[0m
  [4;35;1mSQL (0.000255)[0m   [0mselect sqlite_version(*)[0m
  [4;36;1mSQL (0.000000)[0m   [0;1mSQLite3::SQLException: no such table: items: DROP TABLE items[0m
  [4;35;1mSQL (0.089467)[0m   [0mCREATE TABLE items ("id" INTEGER PRIMARY KEY AUTOINCREMENT NOT NULL, "title" varchar(255) DEFAULT NULL, "asin" varchar(255) DEFAULT NULL, "created_at" datetime DEFAULT NULL, "updated_at" datetime DEFAULT NULL) [0m
  [4;36;1mSQL (0.002828)[0m   [0;1mCREATE TABLE schema_info (version integer)[0m
  [4;35;1mSQL (0.002252)[0m   [0mINSERT INTO schema_info (version) VALUES(0)[0m
  [4;36;1mSQL (0.002234)[0m   [0;1mUPDATE schema_info SET version = 1[0m
  [4;36;1mSQL (0.000392)[0m   [0;1mselect sqlite_version(*)[0m
  [4;35;1mSQL (0.000000)[0m   [0mSQLite3::SQLException: table schema_info already exists: CREATE TABLE schema_info (version integer)[0m
  [4;36;1mSQL (0.000264)[0m   [0;1mSELECT * FROM schema_info[0m
  [4;35;1mSQL (0.000298)[0m   [0m SELECT name
 FROM sqlite_master
 WHERE type = 'table' AND NOT name = 'sqlite_sequence'
[0m
  [4;36;1mSQL (0.000076)[0m   [0;1mPRAGMA index_list(items)[0m
  [4;35;1mSQL (0.000256)[0m   [0mselect sqlite_version(*)[0m
  [4;36;1mSQL (0.000000)[0m   [0;1mSQLite3::SQLException: no such table: items: DROP TABLE items[0m
  [4;35;1mSQL (0.057625)[0m   [0mCREATE TABLE items ("id" INTEGER PRIMARY KEY AUTOINCREMENT NOT NULL, "title" varchar(255) DEFAULT NULL, "asin" varchar(255) DEFAULT NULL, "created_at" datetime DEFAULT NULL, "updated_at" datetime DEFAULT NULL) [0m
  [4;36;1mSQL (0.002687)[0m   [0;1mCREATE TABLE schema_info (version integer)[0m
  [4;35;1mSQL (0.002384)[0m   [0mINSERT INTO schema_info (version) VALUES(0)[0m
  [4;36;1mSQL (0.002280)[0m   [0;1mUPDATE schema_info SET version = 1[0m
  [4;36;1mSQL (0.000383)[0m   [0;1mselect sqlite_version(*)[0m
  [4;35;1mSQL (0.000000)[0m   [0mSQLite3::SQLException: table schema_info already exists: CREATE TABLE schema_info (version integer)[0m
  [4;36;1mSQL (0.000272)[0m   [0;1mSELECT * FROM schema_info[0m
  [4;35;1mSQL (0.000305)[0m   [0m SELECT name
 FROM sqlite_master
 WHERE type = 'table' AND NOT name = 'sqlite_sequence'
[0m
  [4;36;1mSQL (0.000077)[0m   [0;1mPRAGMA index_list(items)[0m
  [4;35;1mSQL (0.000253)[0m   [0mselect sqlite_version(*)[0m
  [4;36;1mSQL (0.000000)[0m   [0;1mSQLite3::SQLException: no such table: items: DROP TABLE items[0m
  [4;35;1mSQL (0.118489)[0m   [0mCREATE TABLE items ("id" INTEGER PRIMARY KEY AUTOINCREMENT NOT NULL, "title" varchar(255) DEFAULT NULL, "asin" varchar(255) DEFAULT NULL, "created_at" datetime DEFAULT NULL, "updated_at" datetime DEFAULT NULL) [0m
  [4;36;1mSQL (0.002772)[0m   [0;1mCREATE TABLE schema_info (version integer)[0m
  [4;35;1mSQL (0.002264)[0m   [0mINSERT INTO schema_info (version) VALUES(0)[0m
  [4;36;1mSQL (0.002262)[0m   [0;1mUPDATE schema_info SET version = 1[0m
  [4;36;1mSQL (0.000389)[0m   [0;1mselect sqlite_version(*)[0m
  [4;35;1mSQL (0.000000)[0m   [0mSQLite3::SQLException: table schema_info already exists: CREATE TABLE schema_info (version integer)[0m
  [4;36;1mSQL (0.000258)[0m   [0;1mSELECT * FROM schema_info[0m
  [4;35;1mSQL (0.000298)[0m   [0m SELECT name
 FROM sqlite_master
 WHERE type = 'table' AND NOT name = 'sqlite_sequence'
[0m
  [4;36;1mSQL (0.000075)[0m   [0;1mPRAGMA index_list(items)[0m
  [4;35;1mSQL (0.000253)[0m   [0mselect sqlite_version(*)[0m
  [4;36;1mSQL (0.000000)[0m   [0;1mSQLite3::SQLException: no such table: items: DROP TABLE items[0m
  [4;35;1mSQL (0.117522)[0m   [0mCREATE TABLE items ("id" INTEGER PRIMARY KEY AUTOINCREMENT NOT NULL, "title" varchar(255) DEFAULT NULL, "asin" varchar(255) DEFAULT NULL, "created_at" datetime DEFAULT NULL, "updated_at" datetime DEFAULT NULL) [0m
  [4;36;1mSQL (0.002867)[0m   [0;1mCREATE TABLE schema_info (version integer)[0m
  [4;35;1mSQL (0.002163)[0m   [0mINSERT INTO schema_info (version) VALUES(0)[0m
  [4;36;1mSQL (0.002205)[0m   [0;1mUPDATE schema_info SET version = 1[0m
  [4;36;1mSQL (0.000390)[0m   [0;1mselect sqlite_version(*)[0m
  [4;35;1mSQL (0.000000)[0m   [0mSQLite3::SQLException: table schema_info already exists: CREATE TABLE schema_info (version integer)[0m
  [4;36;1mSQL (0.000266)[0m   [0;1mSELECT * FROM schema_info[0m
  [4;35;1mSQL (0.000300)[0m   [0m SELECT name
 FROM sqlite_master
 WHERE type = 'table' AND NOT name = 'sqlite_sequence'
[0m
  [4;36;1mSQL (0.000078)[0m   [0;1mPRAGMA index_list(items)[0m
  [4;35;1mSQL (0.000246)[0m   [0mselect sqlite_version(*)[0m
  [4;36;1mSQL (0.000000)[0m   [0;1mSQLite3::SQLException: no such table: items: DROP TABLE items[0m
  [4;35;1mSQL (0.151745)[0m   [0mCREATE TABLE items ("id" INTEGER PRIMARY KEY AUTOINCREMENT NOT NULL, "title" varchar(255) DEFAULT NULL, "asin" varchar(255) DEFAULT NULL, "created_at" datetime DEFAULT NULL, "updated_at" datetime DEFAULT NULL) [0m
  [4;36;1mSQL (0.003011)[0m   [0;1mCREATE TABLE schema_info (version integer)[0m
  [4;35;1mSQL (0.002273)[0m   [0mINSERT INTO schema_info (version) VALUES(0)[0m
  [4;36;1mSQL (0.002231)[0m   [0;1mUPDATE schema_info SET version = 1[0m
  [4;36;1mSQL (0.000384)[0m   [0;1mselect sqlite_version(*)[0m
  [4;35;1mSQL (0.000000)[0m   [0mSQLite3::SQLException: table schema_info already exists: CREATE TABLE schema_info (version integer)[0m
  [4;36;1mSQL (0.000298)[0m   [0;1mSELECT * FROM schema_info[0m
  [4;35;1mSQL (0.000309)[0m   [0m SELECT name
 FROM sqlite_master
 WHERE type = 'table' AND NOT name = 'sqlite_sequence'
[0m
  [4;36;1mSQL (0.000078)[0m   [0;1mPRAGMA index_list(items)[0m
  [4;35;1mSQL (0.000258)[0m   [0mselect sqlite_version(*)[0m
  [4;36;1mSQL (0.000000)[0m   [0;1mSQLite3::SQLException: no such table: items: DROP TABLE items[0m
  [4;35;1mSQL (0.106038)[0m   [0mCREATE TABLE items ("id" INTEGER PRIMARY KEY AUTOINCREMENT NOT NULL, "title" varchar(255) DEFAULT NULL, "asin" varchar(255) DEFAULT NULL, "created_at" datetime DEFAULT NULL, "updated_at" datetime DEFAULT NULL) [0m
  [4;36;1mSQL (0.002748)[0m   [0;1mCREATE TABLE schema_info (version integer)[0m
  [4;35;1mSQL (0.002153)[0m   [0mINSERT INTO schema_info (version) VALUES(0)[0m
  [4;36;1mSQL (0.002129)[0m   [0;1mUPDATE schema_info SET version = 1[0m
  [4;36;1mSQL (0.000392)[0m   [0;1mselect sqlite_version(*)[0m
  [4;35;1mSQL (0.000000)[0m   [0mSQLite3::SQLException: table schema_info already exists: CREATE TABLE schema_info (version integer)[0m
  [4;36;1mSQL (0.000266)[0m   [0;1mSELECT * FROM schema_info[0m
  [4;35;1mSQL (0.000318)[0m   [0m SELECT name
 FROM sqlite_master
 WHERE type = 'table' AND NOT name = 'sqlite_sequence'
[0m
  [4;36;1mSQL (0.000077)[0m   [0;1mPRAGMA index_list(items)[0m
  [4;35;1mSQL (0.000254)[0m   [0mselect sqlite_version(*)[0m
  [4;36;1mSQL (0.000000)[0m   [0;1mSQLite3::SQLException: no such table: items: DROP TABLE items[0m
  [4;35;1mSQL (0.148027)[0m   [0mCREATE TABLE items ("id" INTEGER PRIMARY KEY AUTOINCREMENT NOT NULL, "title" varchar(255) DEFAULT NULL, "asin" varchar(255) DEFAULT NULL, "created_at" datetime DEFAULT NULL, "updated_at" datetime DEFAULT NULL) [0m
  [4;36;1mSQL (0.002899)[0m   [0;1mCREATE TABLE schema_info (version integer)[0m
  [4;35;1mSQL (0.002081)[0m   [0mINSERT INTO schema_info (version) VALUES(0)[0m
  [4;36;1mSQL (0.002221)[0m   [0;1mUPDATE schema_info SET version = 1[0m
  [4;36;1mSQL (0.000390)[0m   [0;1mselect sqlite_version(*)[0m
  [4;35;1mSQL (0.000000)[0m   [0mSQLite3::SQLException: table schema_info already exists: CREATE TABLE schema_info (version integer)[0m
  [4;36;1mSQL (0.000275)[0m   [0;1mSELECT * FROM schema_info[0m
  [4;35;1mSQL (0.000306)[0m   [0m SELECT name
 FROM sqlite_master
 WHERE type = 'table' AND NOT name = 'sqlite_sequence'
[0m
  [4;36;1mSQL (0.000081)[0m   [0;1mPRAGMA index_list(items)[0m
  [4;35;1mSQL (0.000261)[0m   [0mselect sqlite_version(*)[0m
  [4;36;1mSQL (0.000000)[0m   [0;1mSQLite3::SQLException: no such table: items: DROP TABLE items[0m
  [4;35;1mSQL (0.061559)[0m   [0mCREATE TABLE items ("id" INTEGER PRIMARY KEY AUTOINCREMENT NOT NULL, "title" varchar(255) DEFAULT NULL, "asin" varchar(255) DEFAULT NULL, "created_at" datetime DEFAULT NULL, "updated_at" datetime DEFAULT NULL) [0m
  [4;36;1mSQL (0.002695)[0m   [0;1mCREATE TABLE schema_info (version integer)[0m
  [4;35;1mSQL (0.002153)[0m   [0mINSERT INTO schema_info (version) VALUES(0)[0m
  [4;36;1mSQL (0.002225)[0m   [0;1mUPDATE schema_info SET version = 1[0m
